\BOOKMARK [1][-]{section.1}{\376\377\000I\000n\000t\000r\000o\000d\000u\000c\000t\000i\000o\000n}{}% 1
\BOOKMARK [1][-]{section.2}{\376\377\000M\000o\000d\000\350\000l\000e\000\040\000d\000e\000\040\000r\000\351\000s\000e\000a\000u\000\040\000d\000e\000\040\000l\000i\000v\000r\000a\000i\000s\000o\000n}{}% 2
\BOOKMARK [2][-]{subsection.2.1}{\376\377\000G\000\351\000n\000\351\000r\000a\000t\000i\000o\000n\000\040\000d\000e\000s\000\040\000n\001\123\000u\000d\000s}{section.2}% 3
\BOOKMARK [2][-]{subsection.2.2}{\376\377\000G\000r\000a\000p\000h\000e\000\040\000o\000r\000i\000e\000n\000t\000\351\000\040\000d\000e\000s\000\040\000k\000-\000p\000l\000u\000s\000-\000p\000r\000o\000c\000h\000e\000s\000-\000v\000o\000i\000s\000i\000n\000s}{section.2}% 4
\BOOKMARK [2][-]{subsection.2.3}{\376\377\000A\000t\000t\000r\000i\000b\000u\000t\000s\000\040\000n\000o\000d\000a\000u\000x\000\040\000X}{section.2}% 5
\BOOKMARK [1][-]{section.3}{\376\377\000F\000o\000n\000c\000t\000i\000o\000n\000\040\000d\000e\000\040\000c\000o\000\373\000t\000\040\000g\000\351\000n\000\351\000r\000a\000l\000i\000s\000\351\000e}{}% 6
\BOOKMARK [2][-]{subsection.3.1}{\376\377\000C\000o\000n\000s\000o\000m\000m\000a\000t\000i\000o\000n\000\040\000d\000e\000\040\000b\000a\000t\000t\000e\000r\000i\000e\000\040\000p\000a\000r\000\040\000a\000r\000\352\000t\000e}{section.3}% 7
\BOOKMARK [2][-]{subsection.3.2}{\376\377\000O\000b\000j\000e\000c\000t\000i\000f\000\040\000g\000l\000o\000b\000a\000l\000\040\000d\000'\000u\000n\000e\000\040\000t\000o\000u\000r\000n\000\351\000e\000\040\000E}{section.3}% 8
\BOOKMARK [1][-]{section.4}{\376\377\000C\000o\000n\000t\000r\000a\000i\000n\000t\000e\000s\000\040\000d\000e\000\040\000d\000\351\000b\000u\000t\000\040\000e\000t\000\040\000f\000i\000n\000\040\000d\000e\000\040\000t\000o\000u\000r\000n\000\351\000e}{}% 9
\BOOKMARK [2][-]{subsection.4.1}{\376\377\0001\000.\000\040\000A\000l\000g\000o\000r\000i\000t\000h\000m\000e\000\040\000g\000\351\000n\000\351\000t\000i\000q\000u\000e\000\040\000\050\000G\000A\000\051}{section.4}% 10
\BOOKMARK [2][-]{subsection.4.2}{\376\377\0002\000.\000\040\000P\000P\000O\000\040\000+\000\040\000G\000N\000N\000\040\000\050\000R\000L\000\051}{section.4}% 11
\BOOKMARK [1][-]{section.5}{\376\377\000F\000o\000r\000m\000u\000l\000a\000t\000i\000o\000n\000\040\000R\000L\000\040\000e\000t\000\040\000A\000r\000c\000h\000i\000t\000e\000c\000t\000u\000r\000e\000\040\000d\000u\000\040\000G\000N\000N}{}% 12
\BOOKMARK [2][-]{subsection.5.1}{\376\377\000\311\000t\000a\000t\000\040\000s\000t\000=\000\050\000A\000t\000,\000X\000t\000,\000b\000t\000,\000p\000t\000,\000v\000t\000\051}{section.5}% 13
\BOOKMARK [2][-]{subsection.5.2}{\376\377\000A\000c\000t\000i\000o\000n\000\040\000a\000t\000\040\000i\000n\000\040\0001\000,\000.\000.\000.\000,\000K}{section.5}% 14
\BOOKMARK [2][-]{subsection.5.3}{\376\377\000G\000N\000N\000\040\040\023\000\040\000M\000e\000s\000s\000a\000g\000e\000\040\000P\000a\000s\000s\000i\000n\000g}{section.5}% 15
\BOOKMARK [2][-]{subsection.5.4}{\376\377\000R\000e\000a\000d\000o\000u\000t\000\040\000g\000l\000o\000b\000a\000l\000\040\000e\000t\000\040\000t\000\352\000t\000e\000\040\000a\000c\000t\000e\000u\000r\040\023\000c\000r\000i\000t\000i\000q\000u\000e}{section.5}% 16
\BOOKMARK [1][-]{section.6}{\376\377\000A\000l\000g\000o\000r\000i\000t\000h\000m\000e\000\040\000P\000P\000O}{}% 17
\BOOKMARK [2][-]{subsection.6.1}{\376\377\000A\000v\000a\000n\000t\000a\000g\000e\000\040\000\050\000G\000A\000E\000-\000\051}{section.6}% 18
\BOOKMARK [2][-]{subsection.6.2}{\376\377\000P\000e\000r\000t\000e\000\040\000\253\000\040\000c\000l\000i\000p\000p\000e\000d\000\040\000\273}{section.6}% 19
\BOOKMARK [1][-]{section.7}{\376\377\000P\000r\000o\000t\000o\000c\000o\000l\000e\000\040\000d\000'\000e\000n\000t\000r\000a\000\356\000n\000e\000m\000e\000n\000t}{}% 20
\BOOKMARK [1][-]{section.8}{\376\377\000C\000o\000n\000c\000l\000u\000s\000i\000o\000n}{}% 21
